<?xml version="1.0" encoding="UTF-8"?>
<testng-results ignored="0" total="1" passed="1" failed="0" skipped="0">
  <reporter-output>
  </reporter-output>
  <suite started-at="2020-09-10T00:43:53 IST" name="Default suite" finished-at="2020-09-10T00:43:56 IST" duration-ms="3319">
    <groups>
    </groups>
    <test started-at="2020-09-10T00:43:53 IST" name="Default test" finished-at="2020-09-10T00:43:56 IST" duration-ms="3319">
      <class name="com.assignment.testcases.GetPropertyList">
        <test-method signature="startBrowser()[pri:0, instance:com.assignment.testcases.GetPropertyList@78aab498]" started-at="2020-09-10T00:43:53 IST" name="startBrowser" finished-at="2020-09-10T00:43:56 IST" duration-ms="3281" status="PASS">
          <reporter-output>
          </reporter-output>
        </test-method> <!-- startBrowser -->
      </class> <!-- com.assignment.testcases.GetPropertyList -->
    </test> <!-- Default test -->
  </suite> <!-- Default suite -->
</testng-results>
